# Logfile created on 2019-02-05 22:42:41 -0200 by logger.rb/56438
D, [2019-02-05T22:42:41.971534 #6382] DEBUG -- : MONGODB | EVENT: #<TopologyOpening topology=Unknown[]>
D, [2019-02-05T22:42:41.971663 #6382] DEBUG -- : MONGODB | Topology type 'unknown' initializing.
D, [2019-02-05T22:42:41.971958 #6382] DEBUG -- : MONGODB | EVENT: #<TopologyChanged prev=Unknown[] new=Unknown[ds225078.mlab.com:25078]>
D, [2019-02-05T22:42:41.972050 #6382] DEBUG -- : MONGODB | Topology type 'Unknown' changed to type 'Unknown'.
D, [2019-02-05T22:42:41.972155 #6382] DEBUG -- : MONGODB | EVENT: #<ServerOpening address=ds225078.mlab.com:25078 topology=Unknown[ds225078.mlab.com:25078]>
D, [2019-02-05T22:42:41.972199 #6382] DEBUG -- : MONGODB | Server ds225078.mlab.com:25078 initializing.
D, [2019-02-05T22:42:43.004204 #6382] DEBUG -- : MONGODB | EVENT: #<ServerDescriptionChanged address=ds225078.mlab.com:25078 topology=ReplicaSetNoPrimary[ds225078.mlab.com:25078,name=rs-ds225078] prev=#<Mongo::Server:Description:0x47219141656040 config={} average_round_trip_time=> new=#<Mongo::Server:Description:0x47219141607800 config={"hosts"=>["ds225078-a.mlab.com:25078"], "setName"=>"rs-ds225078", "setVersion"=>1, "ismaster"=>true, "secondary"=>false, "primary"=>"ds225078-a.mlab.com:25078", "me"=>"ds225078-a.mlab.com:25078", "electionId"=>BSON::ObjectId('7fffffff0000000000000003'), "lastWrite"=>{"opTime"=>{"ts"=>#<BSON::Timestamp:0x0055e420530f48 @seconds=1549413762, @increment=1>, "t"=>3}, "lastWriteDate"=>2019-02-06 00:42:42 UTC, "majorityOpTime"=>{"ts"=>#<BSON::Timestamp:0x0055e420530cc8 @seconds=1549413762, @increment=1>, "t"=>3}, "majorityWriteDate"=>2019-02-06 00:42:42 UTC}, "maxBsonObjectSize"=>16777216, "maxMessageSizeBytes"=>48000000, "maxWriteBatchSize"=>100000, "localTime"=>2019-02-06 00:42:42 UTC, "logicalSessionTimeoutMinutes"=>30, "minWireVersion"=>0, "maxWireVersion"=>6, "readOnly"=>false, "ok"=>1.0, "operationTime"=>#<BSON::Timestamp:0x0055e4205306d8 @seconds=1549413762, @increment=1>, "$clusterTime"=>{"clusterTime"=>#<BSON::Timestamp:0x0055e4205305e8 @seconds=1549413762, @increment=1>, "signature"=>{"hash"=><BSON::Binary:0x47219141608020 type=generic data=0x098d4a7ff19228dd...>, "keyId"=>6628999979463606273}}} average_round_trip_time=1.030671317>>
D, [2019-02-05T22:42:43.004395 #6382] DEBUG -- : MONGODB | Server description for ds225078.mlab.com:25078 changed from 'unknown' to 'other'.
D, [2019-02-05T22:42:43.004692 #6382] DEBUG -- : MONGODB | EVENT: #<TopologyChanged prev=Unknown[ds225078.mlab.com:25078] new=ReplicaSetNoPrimary[ds225078.mlab.com:25078,ds225078-a.mlab.com:25078,name=rs-ds225078]>
D, [2019-02-05T22:42:43.004773 #6382] DEBUG -- : MONGODB | Topology type 'Unknown' changed to type 'ReplicaSetNoPrimary'.
D, [2019-02-05T22:42:43.004856 #6382] DEBUG -- : MONGODB | EVENT: #<ServerOpening address=ds225078-a.mlab.com:25078 topology=ReplicaSetNoPrimary[ds225078.mlab.com:25078,ds225078-a.mlab.com:25078,name=rs-ds225078]>
D, [2019-02-05T22:42:43.004900 #6382] DEBUG -- : MONGODB | Server ds225078-a.mlab.com:25078 initializing.
W, [2019-02-05T22:42:43.005008 #6382]  WARN -- : MONGODB | Removing server ds225078.mlab.com:25078 because it reported itself as ds225078-a.mlab.com:25078
D, [2019-02-05T22:42:43.640409 #6382] DEBUG -- : MONGODB | EVENT: #<ServerDescriptionChanged address=ds225078-a.mlab.com:25078 topology=ReplicaSetWithPrimary[ds225078-a.mlab.com:25078,name=rs-ds225078,v=1,e=7fffffff0000000000000003] prev=#<Mongo::Server:Description:0x47219141601520 config={} average_round_trip_time=> new=#<Mongo::Server:Description:0x47219141579440 config={"hosts"=>["ds225078-a.mlab.com:25078"], "setName"=>"rs-ds225078", "setVersion"=>1, "ismaster"=>true, "secondary"=>false, "primary"=>"ds225078-a.mlab.com:25078", "me"=>"ds225078-a.mlab.com:25078", "electionId"=>BSON::ObjectId('7fffffff0000000000000003'), "lastWrite"=>{"opTime"=>{"ts"=>#<BSON::Timestamp:0x0055e420523230 @seconds=1549413762, @increment=1>, "t"=>3}, "lastWriteDate"=>2019-02-06 00:42:42 UTC, "majorityOpTime"=>{"ts"=>#<BSON::Timestamp:0x0055e420522f88 @seconds=1549413762, @increment=1>, "t"=>3}, "majorityWriteDate"=>2019-02-06 00:42:42 UTC}, "maxBsonObjectSize"=>16777216, "maxMessageSizeBytes"=>48000000, "maxWriteBatchSize"=>100000, "localTime"=>2019-02-06 00:42:43 UTC, "logicalSessionTimeoutMinutes"=>30, "minWireVersion"=>0, "maxWireVersion"=>6, "readOnly"=>false, "ok"=>1.0, "operationTime"=>#<BSON::Timestamp:0x0055e420522948 @seconds=1549413762, @increment=1>, "$clusterTime"=>{"clusterTime"=>#<BSON::Timestamp:0x0055e420522858 @seconds=1549413762, @increment=1>, "signature"=>{"hash"=><BSON::Binary:0x47219141579660 type=generic data=0x098d4a7ff19228dd...>, "keyId"=>6628999979463606273}}} average_round_trip_time=0.632642665>>
D, [2019-02-05T22:42:43.640976 #6382] DEBUG -- : MONGODB | Server description for ds225078-a.mlab.com:25078 changed from 'unknown' to 'primary'.
D, [2019-02-05T22:42:43.641816 #6382] DEBUG -- : MONGODB | EVENT: #<TopologyChanged prev=ReplicaSetNoPrimary[ds225078.mlab.com:25078,ds225078-a.mlab.com:25078,name=rs-ds225078] new=ReplicaSetWithPrimary[ds225078-a.mlab.com:25078,name=rs-ds225078,v=1,e=7fffffff0000000000000003]>
D, [2019-02-05T22:42:43.642093 #6382] DEBUG -- : MONGODB | Topology type 'ReplicaSetNoPrimary' changed to type 'ReplicaSetWithPrimary'.
D, [2019-02-05T22:42:44.141672 #6382] DEBUG -- : MONGODB | ds225078-a.mlab.com:25078 | heroku_4m3km28x.saslStart | STARTED | {}
D, [2019-02-05T22:42:44.298597 #6382] DEBUG -- : MONGODB | ds225078-a.mlab.com:25078 | heroku_4m3km28x.saslStart | SUCCEEDED | 0.156s
D, [2019-02-05T22:42:44.314200 #6382] DEBUG -- : MONGODB | ds225078-a.mlab.com:25078 | heroku_4m3km28x.saslContinue | STARTED | {}
D, [2019-02-05T22:42:44.475441 #6382] DEBUG -- : MONGODB | ds225078-a.mlab.com:25078 | heroku_4m3km28x.saslContinue | SUCCEEDED | 0.161s
D, [2019-02-05T22:42:44.475998 #6382] DEBUG -- : MONGODB | ds225078-a.mlab.com:25078 | heroku_4m3km28x.saslContinue | STARTED | {}
D, [2019-02-05T22:42:44.640101 #6382] DEBUG -- : MONGODB | ds225078-a.mlab.com:25078 | heroku_4m3km28x.saslContinue | SUCCEEDED | 0.164s
D, [2019-02-05T22:42:44.641030 #6382] DEBUG -- : MONGODB | ds225078-a.mlab.com:25078 | heroku_4m3km28x.delete | STARTED | {"delete"=>"tasks", "ordered"=>true, "lsid"=>{"id"=><BSON::Binary:0x47219141560300 type=uuid data=0x9b04988b88614560...>}, "deletes"=>[{"q"=>{"title"=>"Estudar Ruby"}, "limit"=>1}]}
D, [2019-02-05T22:42:44.806567 #6382] DEBUG -- : MONGODB | ds225078-a.mlab.com:25078 | heroku_4m3km28x.delete | SUCCEEDED | 0.165s
D, [2019-02-05T22:42:47.948517 #6382] DEBUG -- : MONGODB | ds225078-a.mlab.com:25078 | admin.endSessions | STARTED | {"endSessions"=>[{"id"=><BSON::Binary:0x47219141560300 type=uuid data=0x9b04988b88614560...>}], "$clusterTime"=>{"clusterTime"=>#<BSON::Timestamp:0x0055e4204dc358 @seconds=1549413764, @increment=1>, "signature"=>{"hash"=><BSON::Binary:0x47219141435660...
D, [2019-02-05T22:42:48.111195 #6382] DEBUG -- : MONGODB | ds225078-a.mlab.com:25078 | admin.endSessions | SUCCEEDED | 0.162s
D, [2019-02-05T23:10:51.222503 #7724] DEBUG -- : MONGODB | EVENT: #<TopologyOpening topology=Unknown[]>
D, [2019-02-05T23:10:51.222652 #7724] DEBUG -- : MONGODB | Topology type 'unknown' initializing.
D, [2019-02-05T23:10:51.222964 #7724] DEBUG -- : MONGODB | EVENT: #<TopologyChanged prev=Unknown[] new=Unknown[ds225078.mlab.com:25078]>
D, [2019-02-05T23:10:51.223040 #7724] DEBUG -- : MONGODB | Topology type 'Unknown' changed to type 'Unknown'.
D, [2019-02-05T23:10:51.223113 #7724] DEBUG -- : MONGODB | EVENT: #<ServerOpening address=ds225078.mlab.com:25078 topology=Unknown[ds225078.mlab.com:25078]>
D, [2019-02-05T23:10:51.223153 #7724] DEBUG -- : MONGODB | Server ds225078.mlab.com:25078 initializing.
D, [2019-02-05T23:10:52.368405 #7724] DEBUG -- : MONGODB | EVENT: #<ServerDescriptionChanged address=ds225078.mlab.com:25078 topology=ReplicaSetNoPrimary[ds225078.mlab.com:25078,name=rs-ds225078] prev=#<Mongo::Server:Description:0x47230063664500 config={} average_round_trip_time=> new=#<Mongo::Server:Description:0x47230063651100 config={"hosts"=>["ds225078-a.mlab.com:25078"], "setName"=>"rs-ds225078", "setVersion"=>1, "ismaster"=>true, "secondary"=>false, "primary"=>"ds225078-a.mlab.com:25078", "me"=>"ds225078-a.mlab.com:25078", "electionId"=>BSON::ObjectId('7fffffff0000000000000003'), "lastWrite"=>{"opTime"=>{"ts"=>#<BSON::Timestamp:0x0055e936555eb8 @seconds=1549415451, @increment=1>, "t"=>3}, "lastWriteDate"=>2019-02-06 01:10:51 UTC, "majorityOpTime"=>{"ts"=>#<BSON::Timestamp:0x0055e936555c38 @seconds=1549415451, @increment=1>, "t"=>3}, "majorityWriteDate"=>2019-02-06 01:10:51 UTC}, "maxBsonObjectSize"=>16777216, "maxMessageSizeBytes"=>48000000, "maxWriteBatchSize"=>100000, "localTime"=>2019-02-06 01:10:52 UTC, "logicalSessionTimeoutMinutes"=>30, "minWireVersion"=>0, "maxWireVersion"=>6, "readOnly"=>false, "ok"=>1.0, "operationTime"=>#<BSON::Timestamp:0x0055e936555620 @seconds=1549415451, @increment=1>, "$clusterTime"=>{"clusterTime"=>#<BSON::Timestamp:0x0055e936555530 @seconds=1549415451, @increment=1>, "signature"=>{"hash"=><BSON::Binary:0x47230063651320 type=generic data=0xbe468a27b602594f...>, "keyId"=>6628999979463606273}}} average_round_trip_time=1.144123132>>
D, [2019-02-05T23:10:52.368571 #7724] DEBUG -- : MONGODB | Server description for ds225078.mlab.com:25078 changed from 'unknown' to 'other'.
D, [2019-02-05T23:10:52.368884 #7724] DEBUG -- : MONGODB | EVENT: #<TopologyChanged prev=Unknown[ds225078.mlab.com:25078] new=ReplicaSetNoPrimary[ds225078.mlab.com:25078,ds225078-a.mlab.com:25078,name=rs-ds225078]>
D, [2019-02-05T23:10:52.369034 #7724] DEBUG -- : MONGODB | Topology type 'Unknown' changed to type 'ReplicaSetNoPrimary'.
D, [2019-02-05T23:10:52.369328 #7724] DEBUG -- : MONGODB | EVENT: #<ServerOpening address=ds225078-a.mlab.com:25078 topology=ReplicaSetNoPrimary[ds225078.mlab.com:25078,ds225078-a.mlab.com:25078,name=rs-ds225078]>
D, [2019-02-05T23:10:52.369551 #7724] DEBUG -- : MONGODB | Server ds225078-a.mlab.com:25078 initializing.
W, [2019-02-05T23:10:52.369778 #7724]  WARN -- : MONGODB | Removing server ds225078.mlab.com:25078 because it reported itself as ds225078-a.mlab.com:25078
D, [2019-02-05T23:10:52.963473 #7724] DEBUG -- : MONGODB | EVENT: #<ServerDescriptionChanged address=ds225078-a.mlab.com:25078 topology=ReplicaSetWithPrimary[ds225078-a.mlab.com:25078,name=rs-ds225078,v=1,e=7fffffff0000000000000003] prev=#<Mongo::Server:Description:0x47230063620620 config={} average_round_trip_time=> new=#<Mongo::Server:Description:0x47230063588860 config={"hosts"=>["ds225078-a.mlab.com:25078"], "setName"=>"rs-ds225078", "setVersion"=>1, "ismaster"=>true, "secondary"=>false, "primary"=>"ds225078-a.mlab.com:25078", "me"=>"ds225078-a.mlab.com:25078", "electionId"=>BSON::ObjectId('7fffffff0000000000000003'), "lastWrite"=>{"opTime"=>{"ts"=>#<BSON::Timestamp:0x0055e9365378c8 @seconds=1549415451, @increment=1>, "t"=>3}, "lastWriteDate"=>2019-02-06 01:10:51 UTC, "majorityOpTime"=>{"ts"=>#<BSON::Timestamp:0x0055e936537648 @seconds=1549415451, @increment=1>, "t"=>3}, "majorityWriteDate"=>2019-02-06 01:10:51 UTC}, "maxBsonObjectSize"=>16777216, "maxMessageSizeBytes"=>48000000, "maxWriteBatchSize"=>100000, "localTime"=>2019-02-06 01:10:52 UTC, "logicalSessionTimeoutMinutes"=>30, "minWireVersion"=>0, "maxWireVersion"=>6, "readOnly"=>false, "ok"=>1.0, "operationTime"=>#<BSON::Timestamp:0x0055e936537030 @seconds=1549415451, @increment=1>, "$clusterTime"=>{"clusterTime"=>#<BSON::Timestamp:0x0055e936536f40 @seconds=1549415451, @increment=1>, "signature"=>{"hash"=><BSON::Binary:0x47230063589120 type=generic data=0xbe468a27b602594f...>, "keyId"=>6628999979463606273}}} average_round_trip_time=0.586571923>>
D, [2019-02-05T23:10:52.963591 #7724] DEBUG -- : MONGODB | Server description for ds225078-a.mlab.com:25078 changed from 'unknown' to 'primary'.
D, [2019-02-05T23:10:52.963889 #7724] DEBUG -- : MONGODB | EVENT: #<TopologyChanged prev=ReplicaSetNoPrimary[ds225078.mlab.com:25078,ds225078-a.mlab.com:25078,name=rs-ds225078] new=ReplicaSetWithPrimary[ds225078-a.mlab.com:25078,name=rs-ds225078,v=1,e=7fffffff0000000000000003]>
D, [2019-02-05T23:10:52.963979 #7724] DEBUG -- : MONGODB | Topology type 'ReplicaSetNoPrimary' changed to type 'ReplicaSetWithPrimary'.
D, [2019-02-05T23:10:53.439349 #7724] DEBUG -- : MONGODB | ds225078-a.mlab.com:25078 | heroku_4m3km28x.saslStart | STARTED | {}
D, [2019-02-05T23:10:53.586703 #7724] DEBUG -- : MONGODB | ds225078-a.mlab.com:25078 | heroku_4m3km28x.saslStart | SUCCEEDED | 0.147s
D, [2019-02-05T23:10:53.606504 #7724] DEBUG -- : MONGODB | ds225078-a.mlab.com:25078 | heroku_4m3km28x.saslContinue | STARTED | {}
D, [2019-02-05T23:10:53.750563 #7724] DEBUG -- : MONGODB | ds225078-a.mlab.com:25078 | heroku_4m3km28x.saslContinue | SUCCEEDED | 0.144s
D, [2019-02-05T23:10:53.751300 #7724] DEBUG -- : MONGODB | ds225078-a.mlab.com:25078 | heroku_4m3km28x.saslContinue | STARTED | {}
D, [2019-02-05T23:10:53.900883 #7724] DEBUG -- : MONGODB | ds225078-a.mlab.com:25078 | heroku_4m3km28x.saslContinue | SUCCEEDED | 0.148s
D, [2019-02-05T23:10:53.902521 #7724] DEBUG -- : MONGODB | ds225078-a.mlab.com:25078 | heroku_4m3km28x.delete | STARTED | {"delete"=>"tasks", "ordered"=>true, "lsid"=>{"id"=><BSON::Binary:0x47230063567540 type=uuid data=0xa2172a1d40a74901...>}, "deletes"=>[{"q"=>{"title"=>"Estudar Ruby"}, "limit"=>1}]}
D, [2019-02-05T23:10:54.061072 #7724] DEBUG -- : MONGODB | ds225078-a.mlab.com:25078 | heroku_4m3km28x.delete | SUCCEEDED | 0.157s
D, [2019-02-05T23:11:01.165066 #7724] DEBUG -- : MONGODB | ds225078-a.mlab.com:25078 | admin.endSessions | STARTED | {"endSessions"=>[{"id"=><BSON::Binary:0x47230063567540 type=uuid data=0xa2172a1d40a74901...>}], "$clusterTime"=>{"clusterTime"=>#<BSON::Timestamp:0x0055e9364feb40 @seconds=1549415453, @increment=2>, "signature"=>{"hash"=><BSON::Binary:0x47230063473920...
D, [2019-02-05T23:11:01.328037 #7724] DEBUG -- : MONGODB | ds225078-a.mlab.com:25078 | admin.endSessions | SUCCEEDED | 0.162s
D, [2019-02-05T23:13:14.326855 #8095] DEBUG -- : MONGODB | EVENT: #<TopologyOpening topology=Unknown[]>
D, [2019-02-05T23:13:14.326987 #8095] DEBUG -- : MONGODB | Topology type 'unknown' initializing.
D, [2019-02-05T23:13:14.327267 #8095] DEBUG -- : MONGODB | EVENT: #<TopologyChanged prev=Unknown[] new=Unknown[ds225078.mlab.com:25078]>
D, [2019-02-05T23:13:14.327341 #8095] DEBUG -- : MONGODB | Topology type 'Unknown' changed to type 'Unknown'.
D, [2019-02-05T23:13:14.327426 #8095] DEBUG -- : MONGODB | EVENT: #<ServerOpening address=ds225078.mlab.com:25078 topology=Unknown[ds225078.mlab.com:25078]>
D, [2019-02-05T23:13:14.327472 #8095] DEBUG -- : MONGODB | Server ds225078.mlab.com:25078 initializing.
D, [2019-02-05T23:13:15.365312 #8095] DEBUG -- : MONGODB | EVENT: #<ServerDescriptionChanged address=ds225078.mlab.com:25078 topology=ReplicaSetNoPrimary[ds225078.mlab.com:25078,name=rs-ds225078] prev=#<Mongo::Server:Description:0x46994250091240 config={} average_round_trip_time=> new=#<Mongo::Server:Description:0x46994250061320 config={"hosts"=>["ds225078-a.mlab.com:25078"], "setName"=>"rs-ds225078", "setVersion"=>1, "ismaster"=>true, "secondary"=>false, "primary"=>"ds225078-a.mlab.com:25078", "me"=>"ds225078-a.mlab.com:25078", "electionId"=>BSON::ObjectId('7fffffff0000000000000003'), "lastWrite"=>{"opTime"=>{"ts"=>#<BSON::Timestamp:0x00557b6729b890 @seconds=1549415594, @increment=5>, "t"=>3}, "lastWriteDate"=>2019-02-06 01:13:14 UTC, "majorityOpTime"=>{"ts"=>#<BSON::Timestamp:0x00557b6729b610 @seconds=1549415594, @increment=5>, "t"=>3}, "majorityWriteDate"=>2019-02-06 01:13:14 UTC}, "maxBsonObjectSize"=>16777216, "maxMessageSizeBytes"=>48000000, "maxWriteBatchSize"=>100000, "localTime"=>2019-02-06 01:13:15 UTC, "logicalSessionTimeoutMinutes"=>30, "minWireVersion"=>0, "maxWireVersion"=>6, "readOnly"=>false, "ok"=>1.0, "operationTime"=>#<BSON::Timestamp:0x00557b6729aff8 @seconds=1549415594, @increment=5>, "$clusterTime"=>{"clusterTime"=>#<BSON::Timestamp:0x00557b6729af08 @seconds=1549415594, @increment=5>, "signature"=>{"hash"=><BSON::Binary:0x46994250061540 type=generic data=0xccaeec0dbe1270fb...>, "keyId"=>6628999979463606273}}} average_round_trip_time=1.036056847>>
D, [2019-02-05T23:13:15.365747 #8095] DEBUG -- : MONGODB | Server description for ds225078.mlab.com:25078 changed from 'unknown' to 'other'.
D, [2019-02-05T23:13:15.366658 #8095] DEBUG -- : MONGODB | EVENT: #<TopologyChanged prev=Unknown[ds225078.mlab.com:25078] new=ReplicaSetNoPrimary[ds225078.mlab.com:25078,ds225078-a.mlab.com:25078,name=rs-ds225078]>
D, [2019-02-05T23:13:15.366985 #8095] DEBUG -- : MONGODB | Topology type 'Unknown' changed to type 'ReplicaSetNoPrimary'.
D, [2019-02-05T23:13:15.367225 #8095] DEBUG -- : MONGODB | EVENT: #<ServerOpening address=ds225078-a.mlab.com:25078 topology=ReplicaSetNoPrimary[ds225078.mlab.com:25078,ds225078-a.mlab.com:25078,name=rs-ds225078]>
D, [2019-02-05T23:13:15.367383 #8095] DEBUG -- : MONGODB | Server ds225078-a.mlab.com:25078 initializing.
W, [2019-02-05T23:13:15.368034 #8095]  WARN -- : MONGODB | Removing server ds225078.mlab.com:25078 because it reported itself as ds225078-a.mlab.com:25078
D, [2019-02-05T23:13:16.011151 #8095] DEBUG -- : MONGODB | EVENT: #<ServerDescriptionChanged address=ds225078-a.mlab.com:25078 topology=ReplicaSetWithPrimary[ds225078-a.mlab.com:25078,name=rs-ds225078,v=1,e=7fffffff0000000000000003] prev=#<Mongo::Server:Description:0x46994250029820 config={} average_round_trip_time=> new=#<Mongo::Server:Description:0x46994249997260 config={"hosts"=>["ds225078-a.mlab.com:25078"], "setName"=>"rs-ds225078", "setVersion"=>1, "ismaster"=>true, "secondary"=>false, "primary"=>"ds225078-a.mlab.com:25078", "me"=>"ds225078-a.mlab.com:25078", "electionId"=>BSON::ObjectId('7fffffff0000000000000003'), "lastWrite"=>{"opTime"=>{"ts"=>#<BSON::Timestamp:0x00557b6727c058 @seconds=1549415595, @increment=1>, "t"=>3}, "lastWriteDate"=>2019-02-06 01:13:15 UTC, "majorityOpTime"=>{"ts"=>#<BSON::Timestamp:0x00557b6727d4d0 @seconds=1549415595, @increment=1>, "t"=>3}, "majorityWriteDate"=>2019-02-06 01:13:15 UTC}, "maxBsonObjectSize"=>16777216, "maxMessageSizeBytes"=>48000000, "maxWriteBatchSize"=>100000, "localTime"=>2019-02-06 01:13:15 UTC, "logicalSessionTimeoutMinutes"=>30, "minWireVersion"=>0, "maxWireVersion"=>6, "readOnly"=>false, "ok"=>1.0, "operationTime"=>#<BSON::Timestamp:0x00557b6727bb80 @seconds=1549415595, @increment=1>, "$clusterTime"=>{"clusterTime"=>#<BSON::Timestamp:0x00557b6727ba90 @seconds=1549415595, @increment=1>, "signature"=>{"hash"=><BSON::Binary:0x46994249997480 type=generic data=0x4e679652c754732b...>, "keyId"=>6628999979463606273}}} average_round_trip_time=0.641620477>>
D, [2019-02-05T23:13:16.011571 #8095] DEBUG -- : MONGODB | Server description for ds225078-a.mlab.com:25078 changed from 'unknown' to 'primary'.
D, [2019-02-05T23:13:16.012879 #8095] DEBUG -- : MONGODB | EVENT: #<TopologyChanged prev=ReplicaSetNoPrimary[ds225078.mlab.com:25078,ds225078-a.mlab.com:25078,name=rs-ds225078] new=ReplicaSetWithPrimary[ds225078-a.mlab.com:25078,name=rs-ds225078,v=1,e=7fffffff0000000000000003]>
D, [2019-02-05T23:13:16.013307 #8095] DEBUG -- : MONGODB | Topology type 'ReplicaSetNoPrimary' changed to type 'ReplicaSetWithPrimary'.
D, [2019-02-05T23:13:16.489323 #8095] DEBUG -- : MONGODB | ds225078-a.mlab.com:25078 | heroku_4m3km28x.saslStart | STARTED | {}
D, [2019-02-05T23:13:16.650271 #8095] DEBUG -- : MONGODB | ds225078-a.mlab.com:25078 | heroku_4m3km28x.saslStart | SUCCEEDED | 0.160s
D, [2019-02-05T23:13:16.695492 #8095] DEBUG -- : MONGODB | ds225078-a.mlab.com:25078 | heroku_4m3km28x.saslContinue | STARTED | {}
D, [2019-02-05T23:13:16.850044 #8095] DEBUG -- : MONGODB | ds225078-a.mlab.com:25078 | heroku_4m3km28x.saslContinue | SUCCEEDED | 0.154s
D, [2019-02-05T23:13:16.850483 #8095] DEBUG -- : MONGODB | ds225078-a.mlab.com:25078 | heroku_4m3km28x.saslContinue | STARTED | {}
D, [2019-02-05T23:13:16.991600 #8095] DEBUG -- : MONGODB | ds225078-a.mlab.com:25078 | heroku_4m3km28x.saslContinue | SUCCEEDED | 0.141s
D, [2019-02-05T23:13:16.992428 #8095] DEBUG -- : MONGODB | ds225078-a.mlab.com:25078 | heroku_4m3km28x.delete | STARTED | {"delete"=>"tasks", "ordered"=>true, "lsid"=>{"id"=><BSON::Binary:0x46994249961220 type=uuid data=0x6a3c056af3084cf0...>}, "deletes"=>[{"q"=>{"title"=>"Estudar Ruby"}, "limit"=>1}]}
D, [2019-02-05T23:13:17.135011 #8095] DEBUG -- : MONGODB | ds225078-a.mlab.com:25078 | heroku_4m3km28x.delete | SUCCEEDED | 0.142s
D, [2019-02-05T23:13:24.315378 #8095] DEBUG -- : MONGODB | ds225078-a.mlab.com:25078 | admin.endSessions | STARTED | {"endSessions"=>[{"id"=><BSON::Binary:0x46994249961220 type=uuid data=0x6a3c056af3084cf0...>}], "$clusterTime"=>{"clusterTime"=>#<BSON::Timestamp:0x00557b67232458 @seconds=1549415597, @increment=1>, "signature"=>{"hash"=><BSON::Binary:0x46994249847140...
D, [2019-02-05T23:13:24.472706 #8095] DEBUG -- : MONGODB | ds225078-a.mlab.com:25078 | admin.endSessions | SUCCEEDED | 0.157s
D, [2019-02-05T23:16:10.174095 #8456] DEBUG -- : MONGODB | EVENT: #<TopologyOpening topology=Unknown[]>
D, [2019-02-05T23:16:10.174186 #8456] DEBUG -- : MONGODB | Topology type 'unknown' initializing.
D, [2019-02-05T23:16:10.174350 #8456] DEBUG -- : MONGODB | EVENT: #<TopologyChanged prev=Unknown[] new=Unknown[ds225078.mlab.com:25078]>
D, [2019-02-05T23:16:10.174395 #8456] DEBUG -- : MONGODB | Topology type 'Unknown' changed to type 'Unknown'.
D, [2019-02-05T23:16:10.174432 #8456] DEBUG -- : MONGODB | EVENT: #<ServerOpening address=ds225078.mlab.com:25078 topology=Unknown[ds225078.mlab.com:25078]>
D, [2019-02-05T23:16:10.174456 #8456] DEBUG -- : MONGODB | Server ds225078.mlab.com:25078 initializing.
D, [2019-02-05T23:16:10.796202 #8456] DEBUG -- : MONGODB | EVENT: #<ServerDescriptionChanged address=ds225078.mlab.com:25078 topology=ReplicaSetNoPrimary[ds225078.mlab.com:25078,name=rs-ds225078] prev=#<Mongo::Server:Description:0x47441334371660 config={} average_round_trip_time=> new=#<Mongo::Server:Description:0x47441334350460 config={"hosts"=>["ds225078-a.mlab.com:25078"], "setName"=>"rs-ds225078", "setVersion"=>1, "ismaster"=>true, "secondary"=>false, "primary"=>"ds225078-a.mlab.com:25078", "me"=>"ds225078-a.mlab.com:25078", "electionId"=>BSON::ObjectId('7fffffff0000000000000003'), "lastWrite"=>{"opTime"=>{"ts"=>#<BSON::Timestamp:0x00564b97c37178 @seconds=1549415770, @increment=1>, "t"=>3}, "lastWriteDate"=>2019-02-06 01:16:10 UTC, "majorityOpTime"=>{"ts"=>#<BSON::Timestamp:0x00564b97c36ef8 @seconds=1549415770, @increment=1>, "t"=>3}, "majorityWriteDate"=>2019-02-06 01:16:10 UTC}, "maxBsonObjectSize"=>16777216, "maxMessageSizeBytes"=>48000000, "maxWriteBatchSize"=>100000, "localTime"=>2019-02-06 01:16:10 UTC, "logicalSessionTimeoutMinutes"=>30, "minWireVersion"=>0, "maxWireVersion"=>6, "readOnly"=>false, "ok"=>1.0, "operationTime"=>#<BSON::Timestamp:0x00564b97c368e0 @seconds=1549415770, @increment=1>, "$clusterTime"=>{"clusterTime"=>#<BSON::Timestamp:0x00564b97c367f0 @seconds=1549415770, @increment=1>, "signature"=>{"hash"=><BSON::Binary:0x47441334350680 type=generic data=0xb8eb1eb744a2c150...>, "keyId"=>6628999979463606273}}} average_round_trip_time=0.619598058>>
D, [2019-02-05T23:16:10.799418 #8456] DEBUG -- : MONGODB | Server description for ds225078.mlab.com:25078 changed from 'unknown' to 'other'.
D, [2019-02-05T23:16:10.800903 #8456] DEBUG -- : MONGODB | EVENT: #<TopologyChanged prev=Unknown[ds225078.mlab.com:25078] new=ReplicaSetNoPrimary[ds225078.mlab.com:25078,ds225078-a.mlab.com:25078,name=rs-ds225078]>
D, [2019-02-05T23:16:10.801321 #8456] DEBUG -- : MONGODB | Topology type 'Unknown' changed to type 'ReplicaSetNoPrimary'.
D, [2019-02-05T23:16:10.801698 #8456] DEBUG -- : MONGODB | EVENT: #<ServerOpening address=ds225078-a.mlab.com:25078 topology=ReplicaSetNoPrimary[ds225078.mlab.com:25078,ds225078-a.mlab.com:25078,name=rs-ds225078]>
D, [2019-02-05T23:16:10.801937 #8456] DEBUG -- : MONGODB | Server ds225078-a.mlab.com:25078 initializing.
W, [2019-02-05T23:16:10.802417 #8456]  WARN -- : MONGODB | Removing server ds225078.mlab.com:25078 because it reported itself as ds225078-a.mlab.com:25078
D, [2019-02-05T23:16:11.416382 #8456] DEBUG -- : MONGODB | EVENT: #<ServerDescriptionChanged address=ds225078-a.mlab.com:25078 topology=ReplicaSetWithPrimary[ds225078-a.mlab.com:25078,name=rs-ds225078,v=1,e=7fffffff0000000000000003] prev=#<Mongo::Server:Description:0x47441334344520 config={} average_round_trip_time=> new=#<Mongo::Server:Description:0x47441334313140 config={"hosts"=>["ds225078-a.mlab.com:25078"], "setName"=>"rs-ds225078", "setVersion"=>1, "ismaster"=>true, "secondary"=>false, "primary"=>"ds225078-a.mlab.com:25078", "me"=>"ds225078-a.mlab.com:25078", "electionId"=>BSON::ObjectId('7fffffff0000000000000003'), "lastWrite"=>{"opTime"=>{"ts"=>#<BSON::Timestamp:0x00564b97c24e60 @seconds=1549415770, @increment=1>, "t"=>3}, "lastWriteDate"=>2019-02-06 01:16:10 UTC, "majorityOpTime"=>{"ts"=>#<BSON::Timestamp:0x00564b97c24bb8 @seconds=1549415770, @increment=1>, "t"=>3}, "majorityWriteDate"=>2019-02-06 01:16:10 UTC}, "maxBsonObjectSize"=>16777216, "maxMessageSizeBytes"=>48000000, "maxWriteBatchSize"=>100000, "localTime"=>2019-02-06 01:16:11 UTC, "logicalSessionTimeoutMinutes"=>30, "minWireVersion"=>0, "maxWireVersion"=>6, "readOnly"=>false, "ok"=>1.0, "operationTime"=>#<BSON::Timestamp:0x00564b97c24578 @seconds=1549415770, @increment=1>, "$clusterTime"=>{"clusterTime"=>#<BSON::Timestamp:0x00564b97c24488 @seconds=1549415770, @increment=1>, "signature"=>{"hash"=><BSON::Binary:0x47441334313360 type=generic data=0xb8eb1eb744a2c150...>, "keyId"=>6628999979463606273}}} average_round_trip_time=0.611458034>>
D, [2019-02-05T23:16:11.416494 #8456] DEBUG -- : MONGODB | Server description for ds225078-a.mlab.com:25078 changed from 'unknown' to 'primary'.
D, [2019-02-05T23:16:11.416735 #8456] DEBUG -- : MONGODB | EVENT: #<TopologyChanged prev=ReplicaSetNoPrimary[ds225078.mlab.com:25078,ds225078-a.mlab.com:25078,name=rs-ds225078] new=ReplicaSetWithPrimary[ds225078-a.mlab.com:25078,name=rs-ds225078,v=1,e=7fffffff0000000000000003]>
D, [2019-02-05T23:16:11.416790 #8456] DEBUG -- : MONGODB | Topology type 'ReplicaSetNoPrimary' changed to type 'ReplicaSetWithPrimary'.
D, [2019-02-05T23:16:11.897228 #8456] DEBUG -- : MONGODB | ds225078-a.mlab.com:25078 | heroku_4m3km28x.saslStart | STARTED | {}
D, [2019-02-05T23:16:12.050256 #8456] DEBUG -- : MONGODB | ds225078-a.mlab.com:25078 | heroku_4m3km28x.saslStart | SUCCEEDED | 0.152s
D, [2019-02-05T23:16:12.076221 #8456] DEBUG -- : MONGODB | ds225078-a.mlab.com:25078 | heroku_4m3km28x.saslContinue | STARTED | {}
D, [2019-02-05T23:16:12.222533 #8456] DEBUG -- : MONGODB | ds225078-a.mlab.com:25078 | heroku_4m3km28x.saslContinue | SUCCEEDED | 0.146s
D, [2019-02-05T23:16:12.223715 #8456] DEBUG -- : MONGODB | ds225078-a.mlab.com:25078 | heroku_4m3km28x.saslContinue | STARTED | {}
D, [2019-02-05T23:16:12.383154 #8456] DEBUG -- : MONGODB | ds225078-a.mlab.com:25078 | heroku_4m3km28x.saslContinue | SUCCEEDED | 0.159s
D, [2019-02-05T23:16:12.383889 #8456] DEBUG -- : MONGODB | ds225078-a.mlab.com:25078 | heroku_4m3km28x.delete | STARTED | {"delete"=>"tasks", "ordered"=>true, "lsid"=>{"id"=><BSON::Binary:0x47441334258900 type=uuid data=0xa292513ad8594632...>}, "deletes"=>[{"q"=>{"title"=>"Estudar Ruby"}, "limit"=>1}]}
D, [2019-02-05T23:16:12.527899 #8456] DEBUG -- : MONGODB | ds225078-a.mlab.com:25078 | heroku_4m3km28x.delete | SUCCEEDED | 0.143s
D, [2019-02-05T23:16:19.155312 #8456] DEBUG -- : MONGODB | ds225078-a.mlab.com:25078 | admin.endSessions | STARTED | {"endSessions"=>[{"id"=><BSON::Binary:0x47441334258900 type=uuid data=0xa292513ad8594632...>}], "$clusterTime"=>{"clusterTime"=>#<BSON::Timestamp:0x00564b97bdf4c8 @seconds=1549415772, @increment=1>, "signature"=>{"hash"=><BSON::Binary:0x47441334172100...
D, [2019-02-05T23:16:19.307108 #8456] DEBUG -- : MONGODB | ds225078-a.mlab.com:25078 | admin.endSessions | SUCCEEDED | 0.151s
D, [2019-02-05T23:17:17.893883 #8754] DEBUG -- : MONGODB | EVENT: #<TopologyOpening topology=Unknown[]>
D, [2019-02-05T23:17:17.893998 #8754] DEBUG -- : MONGODB | Topology type 'unknown' initializing.
D, [2019-02-05T23:17:17.894255 #8754] DEBUG -- : MONGODB | EVENT: #<TopologyChanged prev=Unknown[] new=Unknown[ds225078.mlab.com:25078]>
D, [2019-02-05T23:17:17.894339 #8754] DEBUG -- : MONGODB | Topology type 'Unknown' changed to type 'Unknown'.
D, [2019-02-05T23:17:17.894973 #8754] DEBUG -- : MONGODB | EVENT: #<ServerOpening address=ds225078.mlab.com:25078 topology=Unknown[ds225078.mlab.com:25078]>
D, [2019-02-05T23:17:17.895103 #8754] DEBUG -- : MONGODB | Server ds225078.mlab.com:25078 initializing.
D, [2019-02-05T23:17:18.551320 #8754] DEBUG -- : MONGODB | EVENT: #<ServerDescriptionChanged address=ds225078.mlab.com:25078 topology=ReplicaSetNoPrimary[ds225078.mlab.com:25078,name=rs-ds225078] prev=#<Mongo::Server:Description:0x46962504207100 config={} average_round_trip_time=> new=#<Mongo::Server:Description:0x46962504185800 config={"hosts"=>["ds225078-a.mlab.com:25078"], "setName"=>"rs-ds225078", "setVersion"=>1, "ismaster"=>true, "secondary"=>false, "primary"=>"ds225078-a.mlab.com:25078", "me"=>"ds225078-a.mlab.com:25078", "electionId"=>BSON::ObjectId('7fffffff0000000000000003'), "lastWrite"=>{"opTime"=>{"ts"=>#<BSON::Timestamp:0x00556c9ec27c10 @seconds=1549415838, @increment=1>, "t"=>3}, "lastWriteDate"=>2019-02-06 01:17:18 UTC, "majorityOpTime"=>{"ts"=>#<BSON::Timestamp:0x00556c9ec27990 @seconds=1549415838, @increment=1>, "t"=>3}, "majorityWriteDate"=>2019-02-06 01:17:18 UTC}, "maxBsonObjectSize"=>16777216, "maxMessageSizeBytes"=>48000000, "maxWriteBatchSize"=>100000, "localTime"=>2019-02-06 01:17:18 UTC, "logicalSessionTimeoutMinutes"=>30, "minWireVersion"=>0, "maxWireVersion"=>6, "readOnly"=>false, "ok"=>1.0, "operationTime"=>#<BSON::Timestamp:0x00556c9ec273a0 @seconds=1549415838, @increment=1>, "$clusterTime"=>{"clusterTime"=>#<BSON::Timestamp:0x00556c9ec272b0 @seconds=1549415838, @increment=1>, "signature"=>{"hash"=><BSON::Binary:0x46962504186020 type=generic data=0xc8a478efe7b48b29...>, "keyId"=>6628999979463606273}}} average_round_trip_time=0.653979467>>
D, [2019-02-05T23:17:18.551931 #8754] DEBUG -- : MONGODB | Server description for ds225078.mlab.com:25078 changed from 'unknown' to 'other'.
D, [2019-02-05T23:17:18.553062 #8754] DEBUG -- : MONGODB | EVENT: #<TopologyChanged prev=Unknown[ds225078.mlab.com:25078] new=ReplicaSetNoPrimary[ds225078.mlab.com:25078,ds225078-a.mlab.com:25078,name=rs-ds225078]>
D, [2019-02-05T23:17:18.553353 #8754] DEBUG -- : MONGODB | Topology type 'Unknown' changed to type 'ReplicaSetNoPrimary'.
D, [2019-02-05T23:17:18.553607 #8754] DEBUG -- : MONGODB | EVENT: #<ServerOpening address=ds225078-a.mlab.com:25078 topology=ReplicaSetNoPrimary[ds225078.mlab.com:25078,ds225078-a.mlab.com:25078,name=rs-ds225078]>
D, [2019-02-05T23:17:18.553786 #8754] DEBUG -- : MONGODB | Server ds225078-a.mlab.com:25078 initializing.
W, [2019-02-05T23:17:18.554453 #8754]  WARN -- : MONGODB | Removing server ds225078.mlab.com:25078 because it reported itself as ds225078-a.mlab.com:25078
D, [2019-02-05T23:17:19.473038 #8754] DEBUG -- : MONGODB | EVENT: #<ServerDescriptionChanged address=ds225078-a.mlab.com:25078 topology=ReplicaSetWithPrimary[ds225078-a.mlab.com:25078,name=rs-ds225078,v=1,e=7fffffff0000000000000003] prev=#<Mongo::Server:Description:0x46962504179760 config={} average_round_trip_time=> new=#<Mongo::Server:Description:0x46962504132220 config={"hosts"=>["ds225078-a.mlab.com:25078"], "setName"=>"rs-ds225078", "setVersion"=>1, "ismaster"=>true, "secondary"=>false, "primary"=>"ds225078-a.mlab.com:25078", "me"=>"ds225078-a.mlab.com:25078", "electionId"=>BSON::ObjectId('7fffffff0000000000000003'), "lastWrite"=>{"opTime"=>{"ts"=>#<BSON::Timestamp:0x00556c9ec0d9a0 @seconds=1549415838, @increment=1>, "t"=>3}, "lastWriteDate"=>2019-02-06 01:17:18 UTC, "majorityOpTime"=>{"ts"=>#<BSON::Timestamp:0x00556c9ec0d720 @seconds=1549415838, @increment=1>, "t"=>3}, "majorityWriteDate"=>2019-02-06 01:17:18 UTC}, "maxBsonObjectSize"=>16777216, "maxMessageSizeBytes"=>48000000, "maxWriteBatchSize"=>100000, "localTime"=>2019-02-06 01:17:19 UTC, "logicalSessionTimeoutMinutes"=>30, "minWireVersion"=>0, "maxWireVersion"=>6, "readOnly"=>false, "ok"=>1.0, "operationTime"=>#<BSON::Timestamp:0x00556c9ec0d0e0 @seconds=1549415838, @increment=1>, "$clusterTime"=>{"clusterTime"=>#<BSON::Timestamp:0x00556c9ec0cff0 @seconds=1549415838, @increment=1>, "signature"=>{"hash"=><BSON::Binary:0x46962504132440 type=generic data=0xc8a478efe7b48b29...>, "keyId"=>6628999979463606273}}} average_round_trip_time=0.917250217>>
D, [2019-02-05T23:17:19.473465 #8754] DEBUG -- : MONGODB | Server description for ds225078-a.mlab.com:25078 changed from 'unknown' to 'primary'.
D, [2019-02-05T23:17:19.474214 #8754] DEBUG -- : MONGODB | EVENT: #<TopologyChanged prev=ReplicaSetNoPrimary[ds225078.mlab.com:25078,ds225078-a.mlab.com:25078,name=rs-ds225078] new=ReplicaSetWithPrimary[ds225078-a.mlab.com:25078,name=rs-ds225078,v=1,e=7fffffff0000000000000003]>
D, [2019-02-05T23:17:19.474561 #8754] DEBUG -- : MONGODB | Topology type 'ReplicaSetNoPrimary' changed to type 'ReplicaSetWithPrimary'.
D, [2019-02-05T23:17:19.948466 #8754] DEBUG -- : MONGODB | ds225078-a.mlab.com:25078 | heroku_4m3km28x.saslStart | STARTED | {}
D, [2019-02-05T23:17:20.111224 #8754] DEBUG -- : MONGODB | ds225078-a.mlab.com:25078 | heroku_4m3km28x.saslStart | SUCCEEDED | 0.162s
D, [2019-02-05T23:17:20.138760 #8754] DEBUG -- : MONGODB | ds225078-a.mlab.com:25078 | heroku_4m3km28x.saslContinue | STARTED | {}
D, [2019-02-05T23:17:20.291008 #8754] DEBUG -- : MONGODB | ds225078-a.mlab.com:25078 | heroku_4m3km28x.saslContinue | SUCCEEDED | 0.152s
D, [2019-02-05T23:17:20.292281 #8754] DEBUG -- : MONGODB | ds225078-a.mlab.com:25078 | heroku_4m3km28x.saslContinue | STARTED | {}
D, [2019-02-05T23:17:20.439485 #8754] DEBUG -- : MONGODB | ds225078-a.mlab.com:25078 | heroku_4m3km28x.saslContinue | SUCCEEDED | 0.147s
D, [2019-02-05T23:17:20.440235 #8754] DEBUG -- : MONGODB | ds225078-a.mlab.com:25078 | heroku_4m3km28x.delete | STARTED | {"delete"=>"tasks", "ordered"=>true, "lsid"=>{"id"=><BSON::Binary:0x46962504102820 type=uuid data=0x242459b7829a4d6f...>}, "deletes"=>[{"q"=>{"title"=>"Estudar Ruby"}, "limit"=>1}]}
D, [2019-02-05T23:17:20.594623 #8754] DEBUG -- : MONGODB | ds225078-a.mlab.com:25078 | heroku_4m3km28x.delete | SUCCEEDED | 0.154s
D, [2019-02-05T23:17:22.621197 #8754] DEBUG -- : MONGODB | ds225078-a.mlab.com:25078 | admin.endSessions | STARTED | {"endSessions"=>[{"id"=><BSON::Binary:0x46962504102820 type=uuid data=0x242459b7829a4d6f...>}], "$clusterTime"=>{"clusterTime"=>#<BSON::Timestamp:0x00556c9ebe59f0 @seconds=1549415838, @increment=1>, "signature"=>{"hash"=><BSON::Binary:0x46962504051800...
D, [2019-02-05T23:17:22.783724 #8754] DEBUG -- : MONGODB | ds225078-a.mlab.com:25078 | admin.endSessions | SUCCEEDED | 0.162s
D, [2019-02-05T23:19:10.102584 #9098] DEBUG -- : MONGODB | EVENT: #<TopologyOpening topology=Unknown[]>
D, [2019-02-05T23:19:10.102692 #9098] DEBUG -- : MONGODB | Topology type 'unknown' initializing.
D, [2019-02-05T23:19:10.103908 #9098] DEBUG -- : MONGODB | EVENT: #<TopologyChanged prev=Unknown[] new=Unknown[ds225078.mlab.com:25078]>
D, [2019-02-05T23:19:10.104216 #9098] DEBUG -- : MONGODB | Topology type 'Unknown' changed to type 'Unknown'.
D, [2019-02-05T23:19:10.104551 #9098] DEBUG -- : MONGODB | EVENT: #<ServerOpening address=ds225078.mlab.com:25078 topology=Unknown[ds225078.mlab.com:25078]>
D, [2019-02-05T23:19:10.104861 #9098] DEBUG -- : MONGODB | Server ds225078.mlab.com:25078 initializing.
D, [2019-02-05T23:19:11.183353 #9098] DEBUG -- : MONGODB | EVENT: #<ServerDescriptionChanged address=ds225078.mlab.com:25078 topology=ReplicaSetNoPrimary[ds225078.mlab.com:25078,name=rs-ds225078] prev=#<Mongo::Server:Description:0x47052832140360 config={} average_round_trip_time=> new=#<Mongo::Server:Description:0x47052832091660 config={"hosts"=>["ds225078-a.mlab.com:25078"], "setName"=>"rs-ds225078", "setVersion"=>1, "ismaster"=>true, "secondary"=>false, "primary"=>"ds225078-a.mlab.com:25078", "me"=>"ds225078-a.mlab.com:25078", "electionId"=>BSON::ObjectId('7fffffff0000000000000003'), "lastWrite"=>{"opTime"=>{"ts"=>#<BSON::Timestamp:0x005596aeaf6960 @seconds=1549415950, @increment=1>, "t"=>3}, "lastWriteDate"=>2019-02-06 01:19:10 UTC, "majorityOpTime"=>{"ts"=>#<BSON::Timestamp:0x005596aeaf6668 @seconds=1549415950, @increment=1>, "t"=>3}, "majorityWriteDate"=>2019-02-06 01:19:10 UTC}, "maxBsonObjectSize"=>16777216, "maxMessageSizeBytes"=>48000000, "maxWriteBatchSize"=>100000, "localTime"=>2019-02-06 01:19:11 UTC, "logicalSessionTimeoutMinutes"=>30, "minWireVersion"=>0, "maxWireVersion"=>6, "readOnly"=>false, "ok"=>1.0, "operationTime"=>#<BSON::Timestamp:0x005596aeaf6028 @seconds=1549415950, @increment=1>, "$clusterTime"=>{"clusterTime"=>#<BSON::Timestamp:0x005596aeaf5f38 @seconds=1549415950, @increment=1>, "signature"=>{"hash"=><BSON::Binary:0x47052832091900 type=generic data=0x77a6c9e81289f0de...>, "keyId"=>6628999979463606273}}} average_round_trip_time=1.076140835>>
D, [2019-02-05T23:19:11.183815 #9098] DEBUG -- : MONGODB | Server description for ds225078.mlab.com:25078 changed from 'unknown' to 'other'.
D, [2019-02-05T23:19:11.184642 #9098] DEBUG -- : MONGODB | EVENT: #<TopologyChanged prev=Unknown[ds225078.mlab.com:25078] new=ReplicaSetNoPrimary[ds225078.mlab.com:25078,ds225078-a.mlab.com:25078,name=rs-ds225078]>
D, [2019-02-05T23:19:11.184913 #9098] DEBUG -- : MONGODB | Topology type 'Unknown' changed to type 'ReplicaSetNoPrimary'.
D, [2019-02-05T23:19:11.185204 #9098] DEBUG -- : MONGODB | EVENT: #<ServerOpening address=ds225078-a.mlab.com:25078 topology=ReplicaSetNoPrimary[ds225078.mlab.com:25078,ds225078-a.mlab.com:25078,name=rs-ds225078]>
D, [2019-02-05T23:19:11.185374 #9098] DEBUG -- : MONGODB | Server ds225078-a.mlab.com:25078 initializing.
W, [2019-02-05T23:19:11.186248 #9098]  WARN -- : MONGODB | Removing server ds225078.mlab.com:25078 because it reported itself as ds225078-a.mlab.com:25078
D, [2019-02-05T23:19:11.800385 #9098] DEBUG -- : MONGODB | EVENT: #<ServerDescriptionChanged address=ds225078-a.mlab.com:25078 topology=ReplicaSetWithPrimary[ds225078-a.mlab.com:25078,name=rs-ds225078,v=1,e=7fffffff0000000000000003] prev=#<Mongo::Server:Description:0x47052832068760 config={} average_round_trip_time=> new=#<Mongo::Server:Description:0x47052832027320 config={"hosts"=>["ds225078-a.mlab.com:25078"], "setName"=>"rs-ds225078", "setVersion"=>1, "ismaster"=>true, "secondary"=>false, "primary"=>"ds225078-a.mlab.com:25078", "me"=>"ds225078-a.mlab.com:25078", "electionId"=>BSON::ObjectId('7fffffff0000000000000003'), "lastWrite"=>{"opTime"=>{"ts"=>#<BSON::Timestamp:0x005596aead73d0 @seconds=1549415950, @increment=1>, "t"=>3}, "lastWriteDate"=>2019-02-06 01:19:10 UTC, "majorityOpTime"=>{"ts"=>#<BSON::Timestamp:0x005596aead70b0 @seconds=1549415950, @increment=1>, "t"=>3}, "majorityWriteDate"=>2019-02-06 01:19:10 UTC}, "maxBsonObjectSize"=>16777216, "maxMessageSizeBytes"=>48000000, "maxWriteBatchSize"=>100000, "localTime"=>2019-02-06 01:19:11 UTC, "logicalSessionTimeoutMinutes"=>30, "minWireVersion"=>0, "maxWireVersion"=>6, "readOnly"=>false, "ok"=>1.0, "operationTime"=>#<BSON::Timestamp:0x005596aead6a48 @seconds=1549415950, @increment=1>, "$clusterTime"=>{"clusterTime"=>#<BSON::Timestamp:0x005596aead6930 @seconds=1549415950, @increment=1>, "signature"=>{"hash"=><BSON::Binary:0x47052832027580 type=generic data=0x77a6c9e81289f0de...>, "keyId"=>6628999979463606273}}} average_round_trip_time=0.613040695>>
D, [2019-02-05T23:19:11.800821 #9098] DEBUG -- : MONGODB | Server description for ds225078-a.mlab.com:25078 changed from 'unknown' to 'primary'.
D, [2019-02-05T23:19:11.801779 #9098] DEBUG -- : MONGODB | EVENT: #<TopologyChanged prev=ReplicaSetNoPrimary[ds225078.mlab.com:25078,ds225078-a.mlab.com:25078,name=rs-ds225078] new=ReplicaSetWithPrimary[ds225078-a.mlab.com:25078,name=rs-ds225078,v=1,e=7fffffff0000000000000003]>
D, [2019-02-05T23:19:11.802074 #9098] DEBUG -- : MONGODB | Topology type 'ReplicaSetNoPrimary' changed to type 'ReplicaSetWithPrimary'.
D, [2019-02-05T23:19:13.311729 #9098] DEBUG -- : MONGODB | ds225078-a.mlab.com:25078 | heroku_4m3km28x.saslStart | STARTED | {}
D, [2019-02-05T23:19:13.465010 #9098] DEBUG -- : MONGODB | ds225078-a.mlab.com:25078 | heroku_4m3km28x.saslStart | SUCCEEDED | 0.152s
D, [2019-02-05T23:19:13.492452 #9098] DEBUG -- : MONGODB | ds225078-a.mlab.com:25078 | heroku_4m3km28x.saslContinue | STARTED | {}
D, [2019-02-05T23:19:13.647318 #9098] DEBUG -- : MONGODB | ds225078-a.mlab.com:25078 | heroku_4m3km28x.saslContinue | SUCCEEDED | 0.154s
D, [2019-02-05T23:19:13.649236 #9098] DEBUG -- : MONGODB | ds225078-a.mlab.com:25078 | heroku_4m3km28x.saslContinue | STARTED | {}
D, [2019-02-05T23:19:13.797131 #9098] DEBUG -- : MONGODB | ds225078-a.mlab.com:25078 | heroku_4m3km28x.saslContinue | SUCCEEDED | 0.147s
D, [2019-02-05T23:19:13.798130 #9098] DEBUG -- : MONGODB | ds225078-a.mlab.com:25078 | heroku_4m3km28x.delete | STARTED | {"delete"=>"tasks", "ordered"=>true, "lsid"=>{"id"=><BSON::Binary:0x47052832007980 type=uuid data=0x927234825a3040f1...>}, "deletes"=>[{"q"=>{"title"=>"Estudar Ruby"}, "limit"=>1}]}
D, [2019-02-05T23:19:13.951465 #9098] DEBUG -- : MONGODB | ds225078-a.mlab.com:25078 | heroku_4m3km28x.delete | SUCCEEDED | 0.153s
D, [2019-02-05T23:19:15.835876 #9098] DEBUG -- : MONGODB | ds225078-a.mlab.com:25078 | admin.endSessions | STARTED | {"endSessions"=>[{"id"=><BSON::Binary:0x47052832007980 type=uuid data=0x927234825a3040f1...>}], "$clusterTime"=>{"clusterTime"=>#<BSON::Timestamp:0x005596aea95ac0 @seconds=1549415953, @increment=1>, "signature"=>{"hash"=><BSON::Binary:0x47052831894480...
D, [2019-02-05T23:19:15.986414 #9098] DEBUG -- : MONGODB | ds225078-a.mlab.com:25078 | admin.endSessions | SUCCEEDED | 0.150s
D, [2019-02-05T23:24:52.140063 #9655] DEBUG -- : MONGODB | EVENT: #<TopologyOpening topology=Unknown[]>
D, [2019-02-05T23:24:52.140158 #9655] DEBUG -- : MONGODB | Topology type 'unknown' initializing.
D, [2019-02-05T23:24:52.140319 #9655] DEBUG -- : MONGODB | EVENT: #<TopologyChanged prev=Unknown[] new=Unknown[ds225078.mlab.com:25078]>
D, [2019-02-05T23:24:52.140379 #9655] DEBUG -- : MONGODB | Topology type 'Unknown' changed to type 'Unknown'.
D, [2019-02-05T23:24:52.140424 #9655] DEBUG -- : MONGODB | EVENT: #<ServerOpening address=ds225078.mlab.com:25078 topology=Unknown[ds225078.mlab.com:25078]>
D, [2019-02-05T23:24:52.140450 #9655] DEBUG -- : MONGODB | Server ds225078.mlab.com:25078 initializing.
D, [2019-02-05T23:24:53.184269 #9655] DEBUG -- : MONGODB | EVENT: #<ServerDescriptionChanged address=ds225078.mlab.com:25078 topology=ReplicaSetNoPrimary[ds225078.mlab.com:25078,name=rs-ds225078] prev=#<Mongo::Server:Description:0x47110222038620 config={} average_round_trip_time=> new=#<Mongo::Server:Description:0x47110221992400 config={"hosts"=>["ds225078-a.mlab.com:25078"], "setName"=>"rs-ds225078", "setVersion"=>1, "ismaster"=>true, "secondary"=>false, "primary"=>"ds225078-a.mlab.com:25078", "me"=>"ds225078-a.mlab.com:25078", "electionId"=>BSON::ObjectId('7fffffff0000000000000003'), "lastWrite"=>{"opTime"=>{"ts"=>#<BSON::Timestamp:0x0055b168183098 @seconds=1549416292, @increment=1>, "t"=>3}, "lastWriteDate"=>2019-02-06 01:24:52 UTC, "majorityOpTime"=>{"ts"=>#<BSON::Timestamp:0x0055b168182dc8 @seconds=1549416292, @increment=1>, "t"=>3}, "majorityWriteDate"=>2019-02-06 01:24:52 UTC}, "maxBsonObjectSize"=>16777216, "maxMessageSizeBytes"=>48000000, "maxWriteBatchSize"=>100000, "localTime"=>2019-02-06 01:24:53 UTC, "logicalSessionTimeoutMinutes"=>30, "minWireVersion"=>0, "maxWireVersion"=>6, "readOnly"=>false, "ok"=>1.0, "operationTime"=>#<BSON::Timestamp:0x0055b1681827d8 @seconds=1549416292, @increment=1>, "$clusterTime"=>{"clusterTime"=>#<BSON::Timestamp:0x0055b1681826c0 @seconds=1549416292, @increment=1>, "signature"=>{"hash"=><BSON::Binary:0x47110221992640 type=generic data=0x9c8b6cfd60dc1916...>, "keyId"=>6628999979463606273}}} average_round_trip_time=1.043034674>>
D, [2019-02-05T23:24:53.184511 #9655] DEBUG -- : MONGODB | Server description for ds225078.mlab.com:25078 changed from 'unknown' to 'other'.
D, [2019-02-05T23:24:53.185035 #9655] DEBUG -- : MONGODB | EVENT: #<TopologyChanged prev=Unknown[ds225078.mlab.com:25078] new=ReplicaSetNoPrimary[ds225078.mlab.com:25078,ds225078-a.mlab.com:25078,name=rs-ds225078]>
D, [2019-02-05T23:24:53.185202 #9655] DEBUG -- : MONGODB | Topology type 'Unknown' changed to type 'ReplicaSetNoPrimary'.
D, [2019-02-05T23:24:53.185362 #9655] DEBUG -- : MONGODB | EVENT: #<ServerOpening address=ds225078-a.mlab.com:25078 topology=ReplicaSetNoPrimary[ds225078.mlab.com:25078,ds225078-a.mlab.com:25078,name=rs-ds225078]>
D, [2019-02-05T23:24:53.185463 #9655] DEBUG -- : MONGODB | Server ds225078-a.mlab.com:25078 initializing.
W, [2019-02-05T23:24:53.185676 #9655]  WARN -- : MONGODB | Removing server ds225078.mlab.com:25078 because it reported itself as ds225078-a.mlab.com:25078
D, [2019-02-05T23:24:53.789665 #9655] DEBUG -- : MONGODB | EVENT: #<ServerDescriptionChanged address=ds225078-a.mlab.com:25078 topology=ReplicaSetWithPrimary[ds225078-a.mlab.com:25078,name=rs-ds225078,v=1,e=7fffffff0000000000000003] prev=#<Mongo::Server:Description:0x47110221977760 config={} average_round_trip_time=> new=#<Mongo::Server:Description:0x47110221945540 config={"hosts"=>["ds225078-a.mlab.com:25078"], "setName"=>"rs-ds225078", "setVersion"=>1, "ismaster"=>true, "secondary"=>false, "primary"=>"ds225078-a.mlab.com:25078", "me"=>"ds225078-a.mlab.com:25078", "electionId"=>BSON::ObjectId('7fffffff0000000000000003'), "lastWrite"=>{"opTime"=>{"ts"=>#<BSON::Timestamp:0x0055b168174c78 @seconds=1549416292, @increment=1>, "t"=>3}, "lastWriteDate"=>2019-02-06 01:24:52 UTC, "majorityOpTime"=>{"ts"=>#<BSON::Timestamp:0x0055b168174890 @seconds=1549416292, @increment=1>, "t"=>3}, "majorityWriteDate"=>2019-02-06 01:24:52 UTC}, "maxBsonObjectSize"=>16777216, "maxMessageSizeBytes"=>48000000, "maxWriteBatchSize"=>100000, "localTime"=>2019-02-06 01:24:53 UTC, "logicalSessionTimeoutMinutes"=>30, "minWireVersion"=>0, "maxWireVersion"=>6, "readOnly"=>false, "ok"=>1.0, "operationTime"=>#<BSON::Timestamp:0x0055b16816bd58 @seconds=1549416292, @increment=1>, "$clusterTime"=>{"clusterTime"=>#<BSON::Timestamp:0x0055b16816bb78 @seconds=1549416292, @increment=1>, "signature"=>{"hash"=><BSON::Binary:0x47110221945960 type=generic data=0x9c8b6cfd60dc1916...>, "keyId"=>6628999979463606273}}} average_round_trip_time=0.601890488>>
D, [2019-02-05T23:24:53.790091 #9655] DEBUG -- : MONGODB | Server description for ds225078-a.mlab.com:25078 changed from 'unknown' to 'primary'.
D, [2019-02-05T23:24:53.790789 #9655] DEBUG -- : MONGODB | EVENT: #<TopologyChanged prev=ReplicaSetNoPrimary[ds225078.mlab.com:25078,ds225078-a.mlab.com:25078,name=rs-ds225078] new=ReplicaSetWithPrimary[ds225078-a.mlab.com:25078,name=rs-ds225078,v=1,e=7fffffff0000000000000003]>
D, [2019-02-05T23:24:53.791000 #9655] DEBUG -- : MONGODB | Topology type 'ReplicaSetNoPrimary' changed to type 'ReplicaSetWithPrimary'.
D, [2019-02-05T23:24:54.276741 #9655] DEBUG -- : MONGODB | ds225078-a.mlab.com:25078 | heroku_4m3km28x.saslStart | STARTED | {}
D, [2019-02-05T23:24:54.427931 #9655] DEBUG -- : MONGODB | ds225078-a.mlab.com:25078 | heroku_4m3km28x.saslStart | SUCCEEDED | 0.150s
D, [2019-02-05T23:24:54.456121 #9655] DEBUG -- : MONGODB | ds225078-a.mlab.com:25078 | heroku_4m3km28x.saslContinue | STARTED | {}
D, [2019-02-05T23:24:54.605415 #9655] DEBUG -- : MONGODB | ds225078-a.mlab.com:25078 | heroku_4m3km28x.saslContinue | SUCCEEDED | 0.149s
D, [2019-02-05T23:24:54.606656 #9655] DEBUG -- : MONGODB | ds225078-a.mlab.com:25078 | heroku_4m3km28x.saslContinue | STARTED | {}
D, [2019-02-05T23:24:54.758296 #9655] DEBUG -- : MONGODB | ds225078-a.mlab.com:25078 | heroku_4m3km28x.saslContinue | SUCCEEDED | 0.151s
D, [2019-02-05T23:24:54.759351 #9655] DEBUG -- : MONGODB | ds225078-a.mlab.com:25078 | heroku_4m3km28x.delete | STARTED | {"delete"=>"tasks", "ordered"=>true, "lsid"=>{"id"=><BSON::Binary:0x47110221899240 type=uuid data=0x3812e00e5df9436b...>}, "deletes"=>[{"q"=>{"title"=>"Estudar Ruby"}, "limit"=>1}]}
D, [2019-02-05T23:24:54.905767 #9655] DEBUG -- : MONGODB | ds225078-a.mlab.com:25078 | heroku_4m3km28x.delete | SUCCEEDED | 0.146s
D, [2019-02-05T23:24:56.760807 #9655] DEBUG -- : MONGODB | ds225078-a.mlab.com:25078 | admin.endSessions | STARTED | {"endSessions"=>[{"id"=><BSON::Binary:0x47110221899240 type=uuid data=0x3812e00e5df9436b...>}], "$clusterTime"=>{"clusterTime"=>#<BSON::Timestamp:0x0055b168122d38 @seconds=1549416294, @increment=1>, "signature"=>{"hash"=><BSON::Binary:0x47110221796400...
D, [2019-02-05T23:24:56.915392 #9655] DEBUG -- : MONGODB | ds225078-a.mlab.com:25078 | admin.endSessions | SUCCEEDED | 0.154s
D, [2019-02-05T23:25:48.889036 #9955] DEBUG -- : MONGODB | EVENT: #<TopologyOpening topology=Unknown[]>
D, [2019-02-05T23:25:48.889131 #9955] DEBUG -- : MONGODB | Topology type 'unknown' initializing.
D, [2019-02-05T23:25:48.889352 #9955] DEBUG -- : MONGODB | EVENT: #<TopologyChanged prev=Unknown[] new=Unknown[ds225078.mlab.com:25078]>
D, [2019-02-05T23:25:48.889424 #9955] DEBUG -- : MONGODB | Topology type 'Unknown' changed to type 'Unknown'.
D, [2019-02-05T23:25:48.889511 #9955] DEBUG -- : MONGODB | EVENT: #<ServerOpening address=ds225078.mlab.com:25078 topology=Unknown[ds225078.mlab.com:25078]>
D, [2019-02-05T23:25:48.889554 #9955] DEBUG -- : MONGODB | Server ds225078.mlab.com:25078 initializing.
D, [2019-02-05T23:25:49.509081 #9955] DEBUG -- : MONGODB | EVENT: #<ServerDescriptionChanged address=ds225078.mlab.com:25078 topology=ReplicaSetNoPrimary[ds225078.mlab.com:25078,name=rs-ds225078] prev=#<Mongo::Server:Description:0x47337471912320 config={} average_round_trip_time=> new=#<Mongo::Server:Description:0x47337471881720 config={"hosts"=>["ds225078-a.mlab.com:25078"], "setName"=>"rs-ds225078", "setVersion"=>1, "ismaster"=>true, "secondary"=>false, "primary"=>"ds225078-a.mlab.com:25078", "me"=>"ds225078-a.mlab.com:25078", "electionId"=>BSON::ObjectId('7fffffff0000000000000003'), "lastWrite"=>{"opTime"=>{"ts"=>#<BSON::Timestamp:0x00561b3a647098 @seconds=1549416349, @increment=1>, "t"=>3}, "lastWriteDate"=>2019-02-06 01:25:49 UTC, "majorityOpTime"=>{"ts"=>#<BSON::Timestamp:0x00561b3a646e18 @seconds=1549416349, @increment=1>, "t"=>3}, "majorityWriteDate"=>2019-02-06 01:25:49 UTC}, "maxBsonObjectSize"=>16777216, "maxMessageSizeBytes"=>48000000, "maxWriteBatchSize"=>100000, "localTime"=>2019-02-06 01:25:49 UTC, "logicalSessionTimeoutMinutes"=>30, "minWireVersion"=>0, "maxWireVersion"=>6, "readOnly"=>false, "ok"=>1.0, "operationTime"=>#<BSON::Timestamp:0x00561b3a6467d8 @seconds=1549416349, @increment=1>, "$clusterTime"=>{"clusterTime"=>#<BSON::Timestamp:0x00561b3a6466e8 @seconds=1549416349, @increment=1>, "signature"=>{"hash"=><BSON::Binary:0x47337471881940 type=generic data=0x2e80abfd25a5ad14...>, "keyId"=>6628999979463606273}}} average_round_trip_time=0.618030351>>
D, [2019-02-05T23:25:49.509581 #9955] DEBUG -- : MONGODB | Server description for ds225078.mlab.com:25078 changed from 'unknown' to 'other'.
D, [2019-02-05T23:25:49.510411 #9955] DEBUG -- : MONGODB | EVENT: #<TopologyChanged prev=Unknown[ds225078.mlab.com:25078] new=ReplicaSetNoPrimary[ds225078.mlab.com:25078,ds225078-a.mlab.com:25078,name=rs-ds225078]>
D, [2019-02-05T23:25:49.510673 #9955] DEBUG -- : MONGODB | Topology type 'Unknown' changed to type 'ReplicaSetNoPrimary'.
D, [2019-02-05T23:25:49.510964 #9955] DEBUG -- : MONGODB | EVENT: #<ServerOpening address=ds225078-a.mlab.com:25078 topology=ReplicaSetNoPrimary[ds225078.mlab.com:25078,ds225078-a.mlab.com:25078,name=rs-ds225078]>
D, [2019-02-05T23:25:49.511225 #9955] DEBUG -- : MONGODB | Server ds225078-a.mlab.com:25078 initializing.
W, [2019-02-05T23:25:49.511962 #9955]  WARN -- : MONGODB | Removing server ds225078.mlab.com:25078 because it reported itself as ds225078-a.mlab.com:25078
D, [2019-02-05T23:25:50.135157 #9955] DEBUG -- : MONGODB | EVENT: #<ServerDescriptionChanged address=ds225078-a.mlab.com:25078 topology=ReplicaSetWithPrimary[ds225078-a.mlab.com:25078,name=rs-ds225078,v=1,e=7fffffff0000000000000003] prev=#<Mongo::Server:Description:0x47337471867100 config={} average_round_trip_time=> new=#<Mongo::Server:Description:0x47337471817780 config={"hosts"=>["ds225078-a.mlab.com:25078"], "setName"=>"rs-ds225078", "setVersion"=>1, "ismaster"=>true, "secondary"=>false, "primary"=>"ds225078-a.mlab.com:25078", "me"=>"ds225078-a.mlab.com:25078", "electionId"=>BSON::ObjectId('7fffffff0000000000000003'), "lastWrite"=>{"opTime"=>{"ts"=>#<BSON::Timestamp:0x00561b3a62c518 @seconds=1549416349, @increment=1>, "t"=>3}, "lastWriteDate"=>2019-02-06 01:25:49 UTC, "majorityOpTime"=>{"ts"=>#<BSON::Timestamp:0x00561b3a62c0e0 @seconds=1549416349, @increment=1>, "t"=>3}, "majorityWriteDate"=>2019-02-06 01:25:49 UTC}, "maxBsonObjectSize"=>16777216, "maxMessageSizeBytes"=>48000000, "maxWriteBatchSize"=>100000, "localTime"=>2019-02-06 01:25:50 UTC, "logicalSessionTimeoutMinutes"=>30, "minWireVersion"=>0, "maxWireVersion"=>6, "readOnly"=>false, "ok"=>1.0, "operationTime"=>#<BSON::Timestamp:0x00561b3a6275e0 @seconds=1549416349, @increment=1>, "$clusterTime"=>{"clusterTime"=>#<BSON::Timestamp:0x00561b3a6273b0 @seconds=1549416349, @increment=1>, "signature"=>{"hash"=><BSON::Binary:0x47337471818000 type=generic data=0x2e80abfd25a5ad14...>, "keyId"=>6628999979463606273}}} average_round_trip_time=0.621831545>>
D, [2019-02-05T23:25:50.135566 #9955] DEBUG -- : MONGODB | Server description for ds225078-a.mlab.com:25078 changed from 'unknown' to 'primary'.
D, [2019-02-05T23:25:50.136337 #9955] DEBUG -- : MONGODB | EVENT: #<TopologyChanged prev=ReplicaSetNoPrimary[ds225078.mlab.com:25078,ds225078-a.mlab.com:25078,name=rs-ds225078] new=ReplicaSetWithPrimary[ds225078-a.mlab.com:25078,name=rs-ds225078,v=1,e=7fffffff0000000000000003]>
D, [2019-02-05T23:25:50.136577 #9955] DEBUG -- : MONGODB | Topology type 'ReplicaSetNoPrimary' changed to type 'ReplicaSetWithPrimary'.
D, [2019-02-05T23:25:50.612830 #9955] DEBUG -- : MONGODB | ds225078-a.mlab.com:25078 | heroku_4m3km28x.saslStart | STARTED | {}
D, [2019-02-05T23:25:50.768386 #9955] DEBUG -- : MONGODB | ds225078-a.mlab.com:25078 | heroku_4m3km28x.saslStart | SUCCEEDED | 0.155s
D, [2019-02-05T23:25:50.796127 #9955] DEBUG -- : MONGODB | ds225078-a.mlab.com:25078 | heroku_4m3km28x.saslContinue | STARTED | {}
D, [2019-02-05T23:25:50.947994 #9955] DEBUG -- : MONGODB | ds225078-a.mlab.com:25078 | heroku_4m3km28x.saslContinue | SUCCEEDED | 0.151s
D, [2019-02-05T23:25:50.949261 #9955] DEBUG -- : MONGODB | ds225078-a.mlab.com:25078 | heroku_4m3km28x.saslContinue | STARTED | {}
D, [2019-02-05T23:25:51.092830 #9955] DEBUG -- : MONGODB | ds225078-a.mlab.com:25078 | heroku_4m3km28x.saslContinue | SUCCEEDED | 0.143s
D, [2019-02-05T23:25:51.093709 #9955] DEBUG -- : MONGODB | ds225078-a.mlab.com:25078 | heroku_4m3km28x.delete | STARTED | {"delete"=>"tasks", "ordered"=>true, "lsid"=>{"id"=><BSON::Binary:0x47337471798440 type=uuid data=0x310980d9c0204688...>}, "deletes"=>[{"q"=>{"title"=>"Estudar Ruby"}, "limit"=>1}]}
D, [2019-02-05T23:25:51.242314 #9955] DEBUG -- : MONGODB | ds225078-a.mlab.com:25078 | heroku_4m3km28x.delete | SUCCEEDED | 0.148s
D, [2019-02-05T23:25:58.343332 #9955] DEBUG -- : MONGODB | ds225078-a.mlab.com:25078 | admin.endSessions | STARTED | {"endSessions"=>[{"id"=><BSON::Binary:0x47337471798440 type=uuid data=0x310980d9c0204688...>}], "$clusterTime"=>{"clusterTime"=>#<BSON::Timestamp:0x00561b3a5eb338 @seconds=1549416351, @increment=1>, "signature"=>{"hash"=><BSON::Binary:0x47337471695080...
D, [2019-02-05T23:25:58.500395 #9955] DEBUG -- : MONGODB | ds225078-a.mlab.com:25078 | admin.endSessions | SUCCEEDED | 0.156s
D, [2019-02-05T23:26:20.466591 #10216] DEBUG -- : MONGODB | EVENT: #<TopologyOpening topology=Unknown[]>
D, [2019-02-05T23:26:20.466769 #10216] DEBUG -- : MONGODB | Topology type 'unknown' initializing.
D, [2019-02-05T23:26:20.467036 #10216] DEBUG -- : MONGODB | EVENT: #<TopologyChanged prev=Unknown[] new=Unknown[ds225078.mlab.com:25078]>
D, [2019-02-05T23:26:20.467118 #10216] DEBUG -- : MONGODB | Topology type 'Unknown' changed to type 'Unknown'.
D, [2019-02-05T23:26:20.467185 #10216] DEBUG -- : MONGODB | EVENT: #<ServerOpening address=ds225078.mlab.com:25078 topology=Unknown[ds225078.mlab.com:25078]>
D, [2019-02-05T23:26:20.467214 #10216] DEBUG -- : MONGODB | Server ds225078.mlab.com:25078 initializing.
D, [2019-02-05T23:26:21.160393 #10216] DEBUG -- : MONGODB | EVENT: #<ServerDescriptionChanged address=ds225078.mlab.com:25078 topology=ReplicaSetNoPrimary[ds225078.mlab.com:25078,name=rs-ds225078] prev=#<Mongo::Server:Description:0x46931772366800 config={} average_round_trip_time=> new=#<Mongo::Server:Description:0x46931772352700 config={"hosts"=>["ds225078-a.mlab.com:25078"], "setName"=>"rs-ds225078", "setVersion"=>1, "ismaster"=>true, "secondary"=>false, "primary"=>"ds225078-a.mlab.com:25078", "me"=>"ds225078-a.mlab.com:25078", "electionId"=>BSON::ObjectId('7fffffff0000000000000003'), "lastWrite"=>{"opTime"=>{"ts"=>#<BSON::Timestamp:0x00555e4f3d5df8 @seconds=1549416380, @increment=1>, "t"=>3}, "lastWriteDate"=>2019-02-06 01:26:20 UTC, "majorityOpTime"=>{"ts"=>#<BSON::Timestamp:0x00555e4f3d5b78 @seconds=1549416380, @increment=1>, "t"=>3}, "majorityWriteDate"=>2019-02-06 01:26:20 UTC}, "maxBsonObjectSize"=>16777216, "maxMessageSizeBytes"=>48000000, "maxWriteBatchSize"=>100000, "localTime"=>2019-02-06 01:26:21 UTC, "logicalSessionTimeoutMinutes"=>30, "minWireVersion"=>0, "maxWireVersion"=>6, "readOnly"=>false, "ok"=>1.0, "operationTime"=>#<BSON::Timestamp:0x00555e4f3d5588 @seconds=1549416380, @increment=1>, "$clusterTime"=>{"clusterTime"=>#<BSON::Timestamp:0x00555e4f3d5498 @seconds=1549416380, @increment=1>, "signature"=>{"hash"=><BSON::Binary:0x46931772352940 type=generic data=0x902d66c33d8f0d99...>, "keyId"=>6628999979463606273}}} average_round_trip_time=0.692246568>>
D, [2019-02-05T23:26:21.160637 #10216] DEBUG -- : MONGODB | Server description for ds225078.mlab.com:25078 changed from 'unknown' to 'other'.
D, [2019-02-05T23:26:21.161185 #10216] DEBUG -- : MONGODB | EVENT: #<TopologyChanged prev=Unknown[ds225078.mlab.com:25078] new=ReplicaSetNoPrimary[ds225078.mlab.com:25078,ds225078-a.mlab.com:25078,name=rs-ds225078]>
D, [2019-02-05T23:26:21.161399 #10216] DEBUG -- : MONGODB | Topology type 'Unknown' changed to type 'ReplicaSetNoPrimary'.
D, [2019-02-05T23:26:21.161564 #10216] DEBUG -- : MONGODB | EVENT: #<ServerOpening address=ds225078-a.mlab.com:25078 topology=ReplicaSetNoPrimary[ds225078.mlab.com:25078,ds225078-a.mlab.com:25078,name=rs-ds225078]>
D, [2019-02-05T23:26:21.161674 #10216] DEBUG -- : MONGODB | Server ds225078-a.mlab.com:25078 initializing.
W, [2019-02-05T23:26:21.162373 #10216]  WARN -- : MONGODB | Removing server ds225078.mlab.com:25078 because it reported itself as ds225078-a.mlab.com:25078
D, [2019-02-05T23:26:21.794778 #10216] DEBUG -- : MONGODB | EVENT: #<ServerDescriptionChanged address=ds225078-a.mlab.com:25078 topology=ReplicaSetWithPrimary[ds225078-a.mlab.com:25078,name=rs-ds225078,v=1,e=7fffffff0000000000000003] prev=#<Mongo::Server:Description:0x46931772329740 config={} average_round_trip_time=> new=#<Mongo::Server:Description:0x46931772288620 config={"hosts"=>["ds225078-a.mlab.com:25078"], "setName"=>"rs-ds225078", "setVersion"=>1, "ismaster"=>true, "secondary"=>false, "primary"=>"ds225078-a.mlab.com:25078", "me"=>"ds225078-a.mlab.com:25078", "electionId"=>BSON::ObjectId('7fffffff0000000000000003'), "lastWrite"=>{"opTime"=>{"ts"=>#<BSON::Timestamp:0x00555e4f3b6c78 @seconds=1549416380, @increment=1>, "t"=>3}, "lastWriteDate"=>2019-02-06 01:26:20 UTC, "majorityOpTime"=>{"ts"=>#<BSON::Timestamp:0x00555e4f3b6958 @seconds=1549416380, @increment=1>, "t"=>3}, "majorityWriteDate"=>2019-02-06 01:26:20 UTC}, "maxBsonObjectSize"=>16777216, "maxMessageSizeBytes"=>48000000, "maxWriteBatchSize"=>100000, "localTime"=>2019-02-06 01:26:21 UTC, "logicalSessionTimeoutMinutes"=>30, "minWireVersion"=>0, "maxWireVersion"=>6, "readOnly"=>false, "ok"=>1.0, "operationTime"=>#<BSON::Timestamp:0x00555e4f3b60c0 @seconds=1549416380, @increment=1>, "$clusterTime"=>{"clusterTime"=>#<BSON::Timestamp:0x00555e4f3b5fd0 @seconds=1549416380, @increment=1>, "signature"=>{"hash"=><BSON::Binary:0x46931772288840 type=generic data=0x902d66c33d8f0d99...>, "keyId"=>6628999979463606273}}} average_round_trip_time=0.629747685>>
D, [2019-02-05T23:26:21.795201 #10216] DEBUG -- : MONGODB | Server description for ds225078-a.mlab.com:25078 changed from 'unknown' to 'primary'.
D, [2019-02-05T23:26:21.796028 #10216] DEBUG -- : MONGODB | EVENT: #<TopologyChanged prev=ReplicaSetNoPrimary[ds225078.mlab.com:25078,ds225078-a.mlab.com:25078,name=rs-ds225078] new=ReplicaSetWithPrimary[ds225078-a.mlab.com:25078,name=rs-ds225078,v=1,e=7fffffff0000000000000003]>
D, [2019-02-05T23:26:21.796555 #10216] DEBUG -- : MONGODB | Topology type 'ReplicaSetNoPrimary' changed to type 'ReplicaSetWithPrimary'.
D, [2019-02-05T23:26:22.268452 #10216] DEBUG -- : MONGODB | ds225078-a.mlab.com:25078 | heroku_4m3km28x.saslStart | STARTED | {}
D, [2019-02-05T23:26:22.416509 #10216] DEBUG -- : MONGODB | ds225078-a.mlab.com:25078 | heroku_4m3km28x.saslStart | SUCCEEDED | 0.147s
D, [2019-02-05T23:26:22.444951 #10216] DEBUG -- : MONGODB | ds225078-a.mlab.com:25078 | heroku_4m3km28x.saslContinue | STARTED | {}
D, [2019-02-05T23:26:22.595926 #10216] DEBUG -- : MONGODB | ds225078-a.mlab.com:25078 | heroku_4m3km28x.saslContinue | SUCCEEDED | 0.150s
D, [2019-02-05T23:26:22.597522 #10216] DEBUG -- : MONGODB | ds225078-a.mlab.com:25078 | heroku_4m3km28x.saslContinue | STARTED | {}
D, [2019-02-05T23:26:22.750494 #10216] DEBUG -- : MONGODB | ds225078-a.mlab.com:25078 | heroku_4m3km28x.saslContinue | SUCCEEDED | 0.152s
D, [2019-02-05T23:26:22.751435 #10216] DEBUG -- : MONGODB | ds225078-a.mlab.com:25078 | heroku_4m3km28x.delete | STARTED | {"delete"=>"tasks", "ordered"=>true, "lsid"=>{"id"=><BSON::Binary:0x46931772261480 type=uuid data=0xbd3b09a3749f45f8...>}, "deletes"=>[{"q"=>{"title"=>"Estudar Ruby"}, "limit"=>1}]}
D, [2019-02-05T23:26:22.904058 #10216] DEBUG -- : MONGODB | ds225078-a.mlab.com:25078 | heroku_4m3km28x.delete | SUCCEEDED | 0.152s
D, [2019-02-05T23:26:24.749667 #10216] DEBUG -- : MONGODB | ds225078-a.mlab.com:25078 | admin.endSessions | STARTED | {"endSessions"=>[{"id"=><BSON::Binary:0x46931772261480 type=uuid data=0xbd3b09a3749f45f8...>}], "$clusterTime"=>{"clusterTime"=>#<BSON::Timestamp:0x00555e4f379eb8 @seconds=1549416382, @increment=1>, "signature"=>{"hash"=><BSON::Binary:0x46931772165780...
D, [2019-02-05T23:26:24.915201 #10216] DEBUG -- : MONGODB | ds225078-a.mlab.com:25078 | admin.endSessions | SUCCEEDED | 0.165s
